# JRE version: OpenJDK Runtime Environment (11.0.11+9) (build 11.0.11+9-b60-7590822)
# Java VM: OpenJDK 64-Bit Server VM (11.0.11+9-b60-7590822, mixed mode, tiered, compressed oops, g1 gc, windows-amd64)
Heap:
 garbage-first heap   total 438272K, used 195073K [0x0000000080000000, 0x0000000100000000)
  region size 1024K, 51 young (52224K), 1 survivors (1024K)
 Metaspace       used 149134K, capacity 152915K, committed 154608K, reserved 1183744K
  class space    used 18354K, capacity 19782K, committed 20224K, reserved 1048576K
GC Heap History (20 events):
Event: 4116.318 GC heap before
{Heap before GC invocations=109 (full 0):
 garbage-first heap   total 438272K, used 301004K [0x0000000080000000, 0x0000000100000000)
  region size 1024K, 77 young (78848K), 3 survivors (3072K)
 Metaspace       used 148083K, capacity 151937K, committed 152304K, reserved 1181696K
  class space    used 18394K, capacity 19854K, committed 19968K, reserved 1048576K
}
Event: 4116.329 GC heap after
{Heap after GC invocations=110 (full 0):
 garbage-first heap   total 438272K, used 229968K [0x0000000080000000, 0x0000000100000000)
  region size 1024K, 6 young (6144K), 6 survivors (6144K)
 Metaspace       used 148083K, capacity 151937K, committed 152304K, reserved 1181696K
  class space    used 18394K, capacity 19854K, committed 19968K, reserved 1048576K
}
Event: 4116.894 GC heap before
{Heap before GC invocations=111 (full 0):
 garbage-first heap   total 438272K, used 311888K [0x0000000080000000, 0x0000000100000000)
  region size 1024K, 102 young (104448K), 6 survivors (6144K)
 Metaspace       used 148753K, capacity 152605K, committed 152816K, reserved 1181696K
  class space    used 18470K, capacity 19927K, committed 19968K, reserved 1048576K
}
Event: 4116.900 GC heap after
{Heap after GC invocations=112 (full 0):
 garbage-first heap   total 438272K, used 210169K [0x0000000080000000, 0x0000000100000000)
  region size 1024K, 5 young (5120K), 5 survivors (5120K)
 Metaspace       used 148753K, capacity 152605K, committed 152816K, reserved 1181696K
  class space    used 18470K, capacity 19927K, committed 19968K, reserved 1048576K
}
Event: 4117.267 GC heap before
{Heap before GC invocations=112 (full 0):
 garbage-first heap   total 438272K, used 246009K [0x0000000080000000, 0x0000000100000000)
  region size 1024K, 21 young (21504K), 5 survivors (5120K)
 Metaspace       used 149705K, capacity 153689K, committed 153712K, reserved 1183744K
  class space    used 18599K, capacity 20095K, committed 20096K, reserved 1048576K
}
Event: 4117.296 GC heap after
{Heap after GC invocations=113 (full 0):
 garbage-first heap   total 438272K, used 183357K [0x0000000080000000, 0x0000000100000000)
  region size 1024K, 2 young (2048K), 2 survivors (2048K)
 Metaspace       used 149705K, capacity 153689K, committed 153712K, reserved 1183744K
  class space    used 18599K, capacity 20095K, committed 20096K, reserved 1048576K
}
Event: 4969.368 GC heap before
{Heap before GC invocations=113 (full 0):
 garbage-first heap   total 438272K, used 269373K [0x0000000080000000, 0x0000000100000000)
  region size 1024K, 88 young (90112K), 2 survivors (2048K)
 Metaspace       used 150435K, capacity 154425K, committed 154608K, reserved 1183744K
  class space    used 18679K, capacity 20199K, committed 20224K, reserved 1048576K
}
Event: 4969.392 GC heap after
{Heap after GC invocations=114 (full 0):
 garbage-first heap   total 438272K, used 189139K [0x0000000080000000, 0x0000000100000000)
  region size 1024K, 8 young (8192K), 8 survivors (8192K)
 Metaspace       used 150435K, capacity 154425K, committed 154608K, reserved 1183744K
  class space    used 18679K, capacity 20199K, committed 20224K, reserved 1048576K
}
Event: 5830.259 GC heap before
{Heap before GC invocations=115 (full 0):
 garbage-first heap   total 438272K, used 327379K [0x0000000080000000, 0x0000000100000000)
  region size 1024K, 139 young (142336K), 8 survivors (8192K)
 Metaspace       used 148734K, capacity 152591K, committed 154608K, reserved 1183744K
  class space    used 18400K, capacity 19868K, committed 20224K, reserved 1048576K
}
Event: 5830.275 GC heap after
{Heap after GC invocations=116 (full 0):
 garbage-first heap   total 438272K, used 181821K [0x0000000080000000, 0x0000000100000000)
  region size 1024K, 7 young (7168K), 7 survivors (7168K)
 Metaspace       used 148734K, capacity 152591K, committed 154608K, reserved 1183744K
  class space    used 18400K, capacity 19868K, committed 20224K, reserved 1048576K
}
Event: 5830.886 GC heap before
{Heap before GC invocations=116 (full 0):
 garbage-first heap   total 438272K, used 197181K [0x0000000080000000, 0x0000000100000000)
  region size 1024K, 21 young (21504K), 7 survivors (7168K)
 Metaspace       used 148836K, capacity 152784K, committed 154608K, reserved 1183744K
  class space    used 18400K, capacity 19868K, committed 20224K, reserved 1048576K
}
Event: 5830.920 GC heap after
{Heap after GC invocations=117 (full 0):
 garbage-first heap   total 438272K, used 151727K [0x0000000080000000, 0x0000000100000000)
  region size 1024K, 3 young (3072K), 3 survivors (3072K)
 Metaspace       used 148836K, capacity 152784K, committed 154608K, reserved 1183744K
  class space    used 18400K, capacity 19868K, committed 20224K, reserved 1048576K
}
Event: 5831.580 GC heap before
{Heap before GC invocations=117 (full 0):
 garbage-first heap   total 438272K, used 201903K [0x0000000080000000, 0x0000000100000000)
  region size 1024K, 54 young (55296K), 3 survivors (3072K)
 Metaspace       used 149109K, capacity 152991K, committed 154608K, reserved 1183744K
  class space    used 18412K, capacity 19890K, committed 20224K, reserved 1048576K
}
Event: 5831.589 GC heap after
{Heap after GC invocations=118 (full 0):
 garbage-first heap   total 438272K, used 155788K [0x0000000080000000, 0x0000000100000000)
  region size 1024K, 7 young (7168K), 7 survivors (7168K)
 Metaspace       used 149109K, capacity 152991K, committed 154608K, reserved 1183744K
  class space    used 18412K, capacity 19890K, committed 20224K, reserved 1048576K
}
Event: 6674.459 GC heap before
{Heap before GC invocations=119 (full 0):
 garbage-first heap   total 438272K, used 299148K [0x0000000080000000, 0x0000000100000000)
  region size 1024K, 132 young (135168K), 7 survivors (7168K)
 Metaspace       used 149533K, capacity 153570K, committed 154608K, reserved 1183744K
  class space    used 18430K, capacity 19923K, committed 20224K, reserved 1048576K
}
Event: 6674.472 GC heap after
{Heap after GC invocations=120 (full 0):
 garbage-first heap   total 438272K, used 155950K [0x0000000080000000, 0x0000000100000000)
  region size 1024K, 8 young (8192K), 8 survivors (8192K)
 Metaspace       used 149533K, capacity 153570K, committed 154608K, reserved 1183744K
  class space    used 18430K, capacity 19923K, committed 20224K, reserved 1048576K
}
Event: 7241.692 GC heap before
{Heap before GC invocations=120 (full 0):
 garbage-first heap   total 438272K, used 168238K [0x0000000080000000, 0x0000000100000000)
  region size 1024K, 21 young (21504K), 8 survivors (8192K)
 Metaspace       used 149533K, capacity 153570K, committed 154608K, reserved 1183744K
  class space    used 18430K, capacity 19923K, committed 20224K, reserved 1048576K
}
Event: 7241.902 GC heap after
{Heap after GC invocations=121 (full 0):
 garbage-first heap   total 438272K, used 146590K [0x0000000080000000, 0x0000000100000000)
  region size 1024K, 2 young (2048K), 2 survivors (2048K)
 Metaspace       used 149533K, capacity 153570K, committed 154608K, reserved 1183744K
  class space    used 18430K, capacity 19923K, committed 20224K, reserved 1048576K
}
Event: 13558.074 GC heap before
{Heap before GC invocations=121 (full 0):
 garbage-first heap   total 438272K, used 262302K [0x0000000080000000, 0x0000000100000000)
  region size 1024K, 115 young (117760K), 2 survivors (2048K)
 Metaspace       used 149540K, capacity 153637K, committed 154608K, reserved 1183744K
  class space    used 18430K, capacity 19923K, committed 20224K, reserved 1048576K
}
Event: 13558.242 GC heap after
{Heap after GC invocations=122 (full 0):
 garbage-first heap   total 438272K, used 145961K [0x0000000080000000, 0x0000000100000000)
  region size 1024K, 1 young (1024K), 1 survivors (1024K)
 Metaspace       used 149540K, capacity 153637K, committed 154608K, reserved 1183744K
  class space    used 18430K, capacity 19923K, committed 20224K, reserved 1048576K
}

