# JRE version: OpenJDK Runtime Environment (11.0.11+9) (build 11.0.11+9-b60-7590822)
# Java VM: OpenJDK 64-Bit Server VM (11.0.11+9-b60-7590822, mixed mode, tiered, compressed oops, g1 gc, windows-amd64)
Heap:
 garbage-first heap   total 145408K, used 93954K [0x0000000080000000, 0x0000000100000000)
  region size 1024K, 29 young (29696K), 4 survivors (4096K)
 Metaspace       used 82201K, capacity 84176K, committed 84812K, reserved 1122304K
  class space    used 10727K, capacity 11476K, committed 11648K, reserved 1048576K
GC Heap History (20 events):
Event: 5.792 GC heap before
{Heap before GC invocations=10 (full 0):
 garbage-first heap   total 145408K, used 96666K [0x0000000080000000, 0x0000000100000000)
  region size 1024K, 69 young (70656K), 3 survivors (3072K)
 Metaspace       used 47615K, capacity 48807K, committed 49100K, reserved 1091584K
  class space    used 6101K, capacity 6564K, committed 6656K, reserved 1048576K
}
Event: 5.796 GC heap after
{Heap after GC invocations=11 (full 0):
 garbage-first heap   total 145408K, used 31527K [0x0000000080000000, 0x0000000100000000)
  region size 1024K, 6 young (6144K), 6 survivors (6144K)
 Metaspace       used 47615K, capacity 48807K, committed 49100K, reserved 1091584K
  class space    used 6101K, capacity 6564K, committed 6656K, reserved 1048576K
}
Event: 6.834 GC heap before
{Heap before GC invocations=11 (full 0):
 garbage-first heap   total 145408K, used 104231K [0x0000000080000000, 0x0000000100000000)
  region size 1024K, 73 young (74752K), 6 survivors (6144K)
 Metaspace       used 54130K, capacity 55475K, committed 55628K, reserved 1097728K
  class space    used 6933K, capacity 7450K, committed 7552K, reserved 1048576K
}
Event: 6.841 GC heap after
{Heap after GC invocations=12 (full 0):
 garbage-first heap   total 145408K, used 44708K [0x0000000080000000, 0x0000000100000000)
  region size 1024K, 10 young (10240K), 10 survivors (10240K)
 Metaspace       used 54130K, capacity 55475K, committed 55628K, reserved 1097728K
  class space    used 6933K, capacity 7450K, committed 7552K, reserved 1048576K
}
Event: 7.667 GC heap before
{Heap before GC invocations=12 (full 0):
 garbage-first heap   total 145408K, used 73380K [0x0000000080000000, 0x0000000100000000)
  region size 1024K, 39 young (39936K), 10 survivors (10240K)
 Metaspace       used 58681K, capacity 60149K, committed 60236K, reserved 1101824K
  class space    used 7482K, capacity 8046K, committed 8064K, reserved 1048576K
}
Event: 7.677 GC heap after
{Heap after GC invocations=13 (full 0):
 garbage-first heap   total 145408K, used 46501K [0x0000000080000000, 0x0000000100000000)
  region size 1024K, 2 young (2048K), 2 survivors (2048K)
 Metaspace       used 58681K, capacity 60149K, committed 60236K, reserved 1101824K
  class space    used 7482K, capacity 8046K, committed 8064K, reserved 1048576K
}
Event: 8.612 GC heap before
{Heap before GC invocations=14 (full 0):
 garbage-first heap   total 145408K, used 95653K [0x0000000080000000, 0x0000000100000000)
  region size 1024K, 51 young (52224K), 2 survivors (2048K)
 Metaspace       used 63537K, capacity 65064K, committed 65228K, reserved 1105920K
  class space    used 8086K, capacity 8675K, committed 8704K, reserved 1048576K
}
Event: 8.618 GC heap after
{Heap after GC invocations=15 (full 0):
 garbage-first heap   total 145408K, used 50233K [0x0000000080000000, 0x0000000100000000)
  region size 1024K, 6 young (6144K), 6 survivors (6144K)
 Metaspace       used 63537K, capacity 65064K, committed 65228K, reserved 1105920K
  class space    used 8086K, capacity 8675K, committed 8704K, reserved 1048576K
}
Event: 9.878 GC heap before
{Heap before GC invocations=15 (full 0):
 garbage-first heap   total 145408K, used 100409K [0x0000000080000000, 0x0000000100000000)
  region size 1024K, 55 young (56320K), 6 survivors (6144K)
 Metaspace       used 65477K, capacity 66992K, committed 67020K, reserved 1107968K
  class space    used 8343K, capacity 8948K, committed 8960K, reserved 1048576K
}
Event: 9.886 GC heap after
{Heap after GC invocations=16 (full 0):
 garbage-first heap   total 145408K, used 54219K [0x0000000080000000, 0x0000000100000000)
  region size 1024K, 4 young (4096K), 4 survivors (4096K)
 Metaspace       used 65477K, capacity 66992K, committed 67020K, reserved 1107968K
  class space    used 8343K, capacity 8948K, committed 8960K, reserved 1048576K
}
Event: 11.617 GC heap before
{Heap before GC invocations=16 (full 0):
 garbage-first heap   total 145408K, used 105419K [0x0000000080000000, 0x0000000100000000)
  region size 1024K, 54 young (55296K), 4 survivors (4096K)
 Metaspace       used 71048K, capacity 72719K, committed 72908K, reserved 1112064K
  class space    used 9252K, capacity 9885K, committed 9984K, reserved 1048576K
}
Event: 11.622 GC heap after
{Heap after GC invocations=17 (full 0):
 garbage-first heap   total 145408K, used 57621K [0x0000000080000000, 0x0000000100000000)
  region size 1024K, 4 young (4096K), 4 survivors (4096K)
 Metaspace       used 71048K, capacity 72719K, committed 72908K, reserved 1112064K
  class space    used 9252K, capacity 9885K, committed 9984K, reserved 1048576K
}
Event: 12.239 GC heap before
{Heap before GC invocations=17 (full 0):
 garbage-first heap   total 145408K, used 107797K [0x0000000080000000, 0x0000000100000000)
  region size 1024K, 53 young (54272K), 4 survivors (4096K)
 Metaspace       used 75576K, capacity 77316K, committed 77388K, reserved 1116160K
  class space    used 9921K, capacity 10585K, committed 10624K, reserved 1048576K
}
Event: 12.245 GC heap after
{Heap after GC invocations=18 (full 0):
 garbage-first heap   total 145408K, used 60652K [0x0000000080000000, 0x0000000100000000)
  region size 1024K, 7 young (7168K), 7 survivors (7168K)
 Metaspace       used 75576K, capacity 77316K, committed 77388K, reserved 1116160K
  class space    used 9921K, capacity 10585K, committed 10624K, reserved 1048576K
}
Event: 13.542 GC heap before
{Heap before GC invocations=18 (full 0):
 garbage-first heap   total 145408K, used 110828K [0x0000000080000000, 0x0000000100000000)
  region size 1024K, 56 young (57344K), 7 survivors (7168K)
 Metaspace       used 80144K, capacity 82228K, committed 82380K, reserved 1120256K
  class space    used 10597K, capacity 11414K, committed 11520K, reserved 1048576K
}
Event: 13.550 GC heap after
{Heap after GC invocations=19 (full 0):
 garbage-first heap   total 145408K, used 64682K [0x0000000080000000, 0x0000000100000000)
  region size 1024K, 7 young (7168K), 7 survivors (7168K)
 Metaspace       used 80144K, capacity 82228K, committed 82380K, reserved 1120256K
  class space    used 10597K, capacity 11414K, committed 11520K, reserved 1048576K
}
Event: 14.474 GC heap before
{Heap before GC invocations=19 (full 0):
 garbage-first heap   total 145408K, used 112810K [0x0000000080000000, 0x0000000100000000)
  region size 1024K, 55 young (56320K), 7 survivors (7168K)
 Metaspace       used 81466K, capacity 83652K, committed 83660K, reserved 1122304K
  class space    used 10702K, capacity 11518K, committed 11520K, reserved 1048576K
}
Event: 14.482 GC heap after
{Heap after GC invocations=20 (full 0):
 garbage-first heap   total 145408K, used 67680K [0x0000000080000000, 0x0000000100000000)
  region size 1024K, 4 young (4096K), 4 survivors (4096K)
 Metaspace       used 81466K, capacity 83652K, committed 83660K, reserved 1122304K
  class space    used 10702K, capacity 11518K, committed 11520K, reserved 1048576K
}
Event: 14.485 GC heap before
{Heap before GC invocations=20 (full 0):
 garbage-first heap   total 145408K, used 67680K [0x0000000080000000, 0x0000000100000000)
  region size 1024K, 5 young (5120K), 4 survivors (4096K)
 Metaspace       used 81500K, capacity 83652K, committed 83660K, reserved 1122304K
  class space    used 10706K, capacity 11518K, committed 11520K, reserved 1048576K
}
Event: 14.490 GC heap after
{Heap after GC invocations=21 (full 0):
 garbage-first heap   total 145408K, used 67330K [0x0000000080000000, 0x0000000100000000)
  region size 1024K, 4 young (4096K), 4 survivors (4096K)
 Metaspace       used 81500K, capacity 83652K, committed 83660K, reserved 1122304K
  class space    used 10706K, capacity 11518K, committed 11520K, reserved 1048576K
}

